22-Apr-2026 17:59:52.477 INFO [main] org.apache.catalina.startup.VersionLoggerListener.log Server version name:   Apache Tomcat/10.1.54
22-Apr-2026 17:59:52.481 INFO [main] org.apache.catalina.startup.VersionLoggerListener.log Server built:          Mar 30 2026 22:31:53 UTC
22-Apr-2026 17:59:52.482 INFO [main] org.apache.catalina.startup.VersionLoggerListener.log Server version number: 10.1.54.0
22-Apr-2026 17:59:52.482 INFO [main] org.apache.catalina.startup.VersionLoggerListener.log OS Name:               Windows 11
22-Apr-2026 17:59:52.482 INFO [main] org.apache.catalina.startup.VersionLoggerListener.log OS Version:            10.0
22-Apr-2026 17:59:52.483 INFO [main] org.apache.catalina.startup.VersionLoggerListener.log Architecture:          amd64
22-Apr-2026 17:59:52.483 INFO [main] org.apache.catalina.startup.VersionLoggerListener.log Java Home:             C:\Program Files\Java\jdk-26.0.1
22-Apr-2026 17:59:52.483 INFO [main] org.apache.catalina.startup.VersionLoggerListener.log JVM Version:           26.0.1+8-34
22-Apr-2026 17:59:52.483 INFO [main] org.apache.catalina.startup.VersionLoggerListener.log JVM Vendor:            Oracle Corporation
22-Apr-2026 17:59:52.483 INFO [main] org.apache.catalina.startup.VersionLoggerListener.log CATALINA_BASE:         E:\project\tomcat\apache-tomcat-10.1.54
22-Apr-2026 17:59:52.483 INFO [main] org.apache.catalina.startup.VersionLoggerListener.log CATALINA_HOME:         E:\project\tomcat\apache-tomcat-10.1.54
22-Apr-2026 17:59:52.511 INFO [main] org.apache.catalina.startup.VersionLoggerListener.log Command line argument: -Djava.util.logging.config.file=E:\project\tomcat\apache-tomcat-10.1.54\conf\logging.properties
22-Apr-2026 17:59:52.511 INFO [main] org.apache.catalina.startup.VersionLoggerListener.log Command line argument: -Djava.util.logging.manager=org.apache.juli.ClassLoaderLogManager
22-Apr-2026 17:59:52.511 INFO [main] org.apache.catalina.startup.VersionLoggerListener.log Command line argument: -Djdk.tls.ephemeralDHKeySize=2048
22-Apr-2026 17:59:52.511 INFO [main] org.apache.catalina.startup.VersionLoggerListener.log Command line argument: -Djava.protocol.handler.pkgs=org.apache.catalina.webresources
22-Apr-2026 17:59:52.511 INFO [main] org.apache.catalina.startup.VersionLoggerListener.log Command line argument: -Dsun.io.useCanonCaches=false
22-Apr-2026 17:59:52.512 INFO [main] org.apache.catalina.startup.VersionLoggerListener.log Command line argument: --add-opens=java.base/java.lang=ALL-UNNAMED
22-Apr-2026 17:59:52.512 INFO [main] org.apache.catalina.startup.VersionLoggerListener.log Command line argument: --add-opens=java.base/java.lang.reflect=ALL-UNNAMED
22-Apr-2026 17:59:52.512 INFO [main] org.apache.catalina.startup.VersionLoggerListener.log Command line argument: --add-opens=java.base/java.io=ALL-UNNAMED
22-Apr-2026 17:59:52.512 INFO [main] org.apache.catalina.startup.VersionLoggerListener.log Command line argument: --add-opens=java.base/java.util=ALL-UNNAMED
22-Apr-2026 17:59:52.512 INFO [main] org.apache.catalina.startup.VersionLoggerListener.log Command line argument: --add-opens=java.base/java.util.concurrent=ALL-UNNAMED
22-Apr-2026 17:59:52.512 INFO [main] org.apache.catalina.startup.VersionLoggerListener.log Command line argument: --add-opens=java.rmi/sun.rmi.transport=ALL-UNNAMED
22-Apr-2026 17:59:52.512 INFO [main] org.apache.catalina.startup.VersionLoggerListener.log Command line argument: -Dcatalina.base=E:\project\tomcat\apache-tomcat-10.1.54
22-Apr-2026 17:59:52.512 INFO [main] org.apache.catalina.startup.VersionLoggerListener.log Command line argument: -Dcatalina.home=E:\project\tomcat\apache-tomcat-10.1.54
22-Apr-2026 17:59:52.512 INFO [main] org.apache.catalina.startup.VersionLoggerListener.log Command line argument: -Djava.io.tmpdir=E:\project\tomcat\apache-tomcat-10.1.54\temp
22-Apr-2026 17:59:54.039 INFO [main] org.apache.catalina.core.AprLifecycleListener.lifecycleEvent Loaded Apache Tomcat Native library [2.0.14] using APR version [1.7.6].
22-Apr-2026 17:59:54.052 INFO [main] org.apache.catalina.core.AprLifecycleListener.initializeSSL OpenSSL successfully initialized [OpenSSL 3.5.5 27 Jan 2026]
22-Apr-2026 17:59:54.507 INFO [main] org.apache.coyote.AbstractProtocol.init Initializing ProtocolHandler ["http-nio-8080"]
22-Apr-2026 17:59:54.541 SEVERE [main] org.apache.catalina.util.LifecycleBase.handleSubClassException Failed to initialize component [Connector["http-nio-8080"]]
	org.apache.catalina.LifecycleException: Protocol handler initialization failed
		at org.apache.catalina.connector.Connector.initInternal(Connector.java:1084)
		at org.apache.catalina.util.LifecycleBase.init(LifecycleBase.java:122)
		at org.apache.catalina.core.StandardService.initInternal(StandardService.java:520)
		at org.apache.catalina.util.LifecycleBase.init(LifecycleBase.java:122)
		at org.apache.catalina.core.StandardServer.initInternal(StandardServer.java:955)
		at org.apache.catalina.util.LifecycleBase.init(LifecycleBase.java:122)
		at org.apache.catalina.startup.Catalina.load(Catalina.java:709)
		at org.apache.catalina.startup.Catalina.load(Catalina.java:732)
		at java.base/jdk.internal.reflect.DirectMethodHandleAccessor.invoke(DirectMethodHandleAccessor.java:104)
		at java.base/java.lang.reflect.Method.invoke(Method.java:565)
		at org.apache.catalina.startup.Bootstrap.load(Bootstrap.java:299)
		at org.apache.catalina.startup.Bootstrap.main(Bootstrap.java:472)
	Caused by: java.net.BindException: Address already in use: bind
		at java.base/sun.nio.ch.Net.bind0(Native Method)
		at java.base/sun.nio.ch.Net.bind(Net.java:525)
		at java.base/sun.nio.ch.ServerSocketChannelImpl.netBind(ServerSocketChannelImpl.java:333)
		at java.base/sun.nio.ch.ServerSocketChannelImpl.bind(ServerSocketChannelImpl.java:296)
		at org.apache.tomcat.util.net.NioEndpoint.initServerSocket(NioEndpoint.java:264)
		at org.apache.tomcat.util.net.NioEndpoint.bind(NioEndpoint.java:219)
		at org.apache.tomcat.util.net.AbstractEndpoint.bindWithCleanup(AbstractEndpoint.java:1432)
		at org.apache.tomcat.util.net.AbstractEndpoint.init(AbstractEndpoint.java:1445)
		at org.apache.coyote.AbstractProtocol.init(AbstractProtocol.java:633)
		at org.apache.coyote.http11.AbstractHttp11Protocol.init(AbstractHttp11Protocol.java:82)
		at org.apache.catalina.connector.Connector.initInternal(Connector.java:1082)
		... 11 more
22-Apr-2026 17:59:54.542 INFO [main] org.apache.catalina.startup.Catalina.load Server initialization in [2429] milliseconds
22-Apr-2026 17:59:54.635 INFO [main] org.apache.catalina.core.StandardService.startInternal Starting service [Catalina]
22-Apr-2026 17:59:54.636 INFO [main] org.apache.catalina.core.StandardEngine.startInternal Starting Servlet engine: [Apache Tomcat/10.1.54]
22-Apr-2026 17:59:54.662 INFO [main] org.apache.catalina.startup.HostConfig.deployDirectory Deploying web application directory [E:\project\tomcat\apache-tomcat-10.1.54\webapps\docs]
22-Apr-2026 18:00:00.338 WARNING [main] org.apache.catalina.util.SessionIdGeneratorBase.createSecureRandom Creation of SecureRandom instance for session ID generation using [SHA1PRNG] took [5,020] milliseconds.
22-Apr-2026 18:00:00.386 INFO [main] org.apache.catalina.startup.HostConfig.deployDirectory Deployment of web application directory [E:\project\tomcat\apache-tomcat-10.1.54\webapps\docs] has finished in [5,724] ms
22-Apr-2026 18:00:00.387 INFO [main] org.apache.catalina.startup.HostConfig.deployDirectory Deploying web application directory [E:\project\tomcat\apache-tomcat-10.1.54\webapps\examples]
22-Apr-2026 18:01:58.090 INFO [main] org.apache.catalina.startup.VersionLoggerListener.log Server version name:   Apache Tomcat/10.1.54
22-Apr-2026 18:01:58.094 INFO [main] org.apache.catalina.startup.VersionLoggerListener.log Server built:          Mar 30 2026 22:31:53 UTC
22-Apr-2026 18:01:58.095 INFO [main] org.apache.catalina.startup.VersionLoggerListener.log Server version number: 10.1.54.0
22-Apr-2026 18:01:58.095 INFO [main] org.apache.catalina.startup.VersionLoggerListener.log OS Name:               Windows 11
22-Apr-2026 18:01:58.095 INFO [main] org.apache.catalina.startup.VersionLoggerListener.log OS Version:            10.0
22-Apr-2026 18:01:58.096 INFO [main] org.apache.catalina.startup.VersionLoggerListener.log Architecture:          amd64
22-Apr-2026 18:01:58.096 INFO [main] org.apache.catalina.startup.VersionLoggerListener.log Java Home:             C:\Program Files\Java\jdk-26.0.1
22-Apr-2026 18:01:58.096 INFO [main] org.apache.catalina.startup.VersionLoggerListener.log JVM Version:           26.0.1+8-34
22-Apr-2026 18:01:58.096 INFO [main] org.apache.catalina.startup.VersionLoggerListener.log JVM Vendor:            Oracle Corporation
22-Apr-2026 18:01:58.096 INFO [main] org.apache.catalina.startup.VersionLoggerListener.log CATALINA_BASE:         E:\project\tomcat\apache-tomcat-10.1.54
22-Apr-2026 18:01:58.096 INFO [main] org.apache.catalina.startup.VersionLoggerListener.log CATALINA_HOME:         E:\project\tomcat\apache-tomcat-10.1.54
22-Apr-2026 18:01:58.120 INFO [main] org.apache.catalina.startup.VersionLoggerListener.log Command line argument: -Djava.util.logging.config.file=E:\project\tomcat\apache-tomcat-10.1.54\conf\logging.properties
22-Apr-2026 18:01:58.121 INFO [main] org.apache.catalina.startup.VersionLoggerListener.log Command line argument: -Djava.util.logging.manager=org.apache.juli.ClassLoaderLogManager
22-Apr-2026 18:01:58.121 INFO [main] org.apache.catalina.startup.VersionLoggerListener.log Command line argument: -Djdk.tls.ephemeralDHKeySize=2048
22-Apr-2026 18:01:58.121 INFO [main] org.apache.catalina.startup.VersionLoggerListener.log Command line argument: -Djava.protocol.handler.pkgs=org.apache.catalina.webresources
22-Apr-2026 18:01:58.121 INFO [main] org.apache.catalina.startup.VersionLoggerListener.log Command line argument: -Dsun.io.useCanonCaches=false
22-Apr-2026 18:01:58.121 INFO [main] org.apache.catalina.startup.VersionLoggerListener.log Command line argument: --add-opens=java.base/java.lang=ALL-UNNAMED
22-Apr-2026 18:01:58.122 INFO [main] org.apache.catalina.startup.VersionLoggerListener.log Command line argument: --add-opens=java.base/java.lang.reflect=ALL-UNNAMED
22-Apr-2026 18:01:58.122 INFO [main] org.apache.catalina.startup.VersionLoggerListener.log Command line argument: --add-opens=java.base/java.io=ALL-UNNAMED
22-Apr-2026 18:01:58.122 INFO [main] org.apache.catalina.startup.VersionLoggerListener.log Command line argument: --add-opens=java.base/java.util=ALL-UNNAMED
22-Apr-2026 18:01:58.122 INFO [main] org.apache.catalina.startup.VersionLoggerListener.log Command line argument: --add-opens=java.base/java.util.concurrent=ALL-UNNAMED
22-Apr-2026 18:01:58.122 INFO [main] org.apache.catalina.startup.VersionLoggerListener.log Command line argument: --add-opens=java.rmi/sun.rmi.transport=ALL-UNNAMED
22-Apr-2026 18:01:58.122 INFO [main] org.apache.catalina.startup.VersionLoggerListener.log Command line argument: -Dcatalina.base=E:\project\tomcat\apache-tomcat-10.1.54
22-Apr-2026 18:01:58.123 INFO [main] org.apache.catalina.startup.VersionLoggerListener.log Command line argument: -Dcatalina.home=E:\project\tomcat\apache-tomcat-10.1.54
22-Apr-2026 18:01:58.123 INFO [main] org.apache.catalina.startup.VersionLoggerListener.log Command line argument: -Djava.io.tmpdir=E:\project\tomcat\apache-tomcat-10.1.54\temp
22-Apr-2026 18:01:58.192 INFO [main] org.apache.catalina.core.AprLifecycleListener.lifecycleEvent Loaded Apache Tomcat Native library [2.0.14] using APR version [1.7.6].
22-Apr-2026 18:01:58.205 INFO [main] org.apache.catalina.core.AprLifecycleListener.initializeSSL OpenSSL successfully initialized [OpenSSL 3.5.5 27 Jan 2026]
22-Apr-2026 18:01:58.587 INFO [main] org.apache.coyote.AbstractProtocol.init Initializing ProtocolHandler ["http-nio-8081"]
22-Apr-2026 18:01:58.647 INFO [main] org.apache.catalina.startup.Catalina.load Server initialization in [834] milliseconds
22-Apr-2026 18:01:58.754 INFO [main] org.apache.catalina.core.StandardService.startInternal Starting service [Catalina]
22-Apr-2026 18:01:58.755 INFO [main] org.apache.catalina.core.StandardEngine.startInternal Starting Servlet engine: [Apache Tomcat/10.1.54]
22-Apr-2026 18:01:58.780 INFO [main] org.apache.catalina.startup.HostConfig.deployDirectory Deploying web application directory [E:\project\tomcat\apache-tomcat-10.1.54\webapps\docs]
22-Apr-2026 18:01:59.280 INFO [main] org.apache.catalina.startup.HostConfig.deployDirectory Deployment of web application directory [E:\project\tomcat\apache-tomcat-10.1.54\webapps\docs] has finished in [495] ms
22-Apr-2026 18:01:59.281 INFO [main] org.apache.catalina.startup.HostConfig.deployDirectory Deploying web application directory [E:\project\tomcat\apache-tomcat-10.1.54\webapps\examples]
22-Apr-2026 18:02:00.142 INFO [main] org.apache.catalina.startup.HostConfig.deployDirectory Deployment of web application directory [E:\project\tomcat\apache-tomcat-10.1.54\webapps\examples] has finished in [861] ms
22-Apr-2026 18:02:00.143 INFO [main] org.apache.catalina.startup.HostConfig.deployDirectory Deploying web application directory [E:\project\tomcat\apache-tomcat-10.1.54\webapps\host-manager]
22-Apr-2026 18:02:00.202 INFO [main] org.apache.catalina.startup.HostConfig.deployDirectory Deployment of web application directory [E:\project\tomcat\apache-tomcat-10.1.54\webapps\host-manager] has finished in [58] ms
22-Apr-2026 18:02:00.202 INFO [main] org.apache.catalina.startup.HostConfig.deployDirectory Deploying web application directory [E:\project\tomcat\apache-tomcat-10.1.54\webapps\manager]
22-Apr-2026 18:02:00.267 INFO [main] org.apache.catalina.startup.HostConfig.deployDirectory Deployment of web application directory [E:\project\tomcat\apache-tomcat-10.1.54\webapps\manager] has finished in [64] ms
22-Apr-2026 18:02:00.267 INFO [main] org.apache.catalina.startup.HostConfig.deployDirectory Deploying web application directory [E:\project\tomcat\apache-tomcat-10.1.54\webapps\ROOT]
22-Apr-2026 18:02:00.322 INFO [main] org.apache.catalina.startup.HostConfig.deployDirectory Deployment of web application directory [E:\project\tomcat\apache-tomcat-10.1.54\webapps\ROOT] has finished in [55] ms
22-Apr-2026 18:02:00.323 INFO [main] org.apache.catalina.startup.HostConfig.deployDirectory Deploying web application directory [E:\project\tomcat\apache-tomcat-10.1.54\webapps\studentapp]
22-Apr-2026 18:02:00.581 INFO [main] org.apache.jasper.servlet.TldScanner.scanJars At least one JAR was scanned for TLDs yet contained no TLDs. Enable debug logging for this logger for a complete list of JARs that were scanned but no TLDs were found in them. Skipping unneeded JARs during scanning can improve startup time and JSP compilation time.
22-Apr-2026 18:02:00.591 INFO [main] org.apache.catalina.startup.HostConfig.deployDirectory Deployment of web application directory [E:\project\tomcat\apache-tomcat-10.1.54\webapps\studentapp] has finished in [268] ms
22-Apr-2026 18:02:00.595 INFO [main] org.apache.coyote.AbstractProtocol.start Starting ProtocolHandler ["http-nio-8081"]
22-Apr-2026 18:02:00.640 INFO [main] org.apache.catalina.startup.Catalina.start Server startup in [1986] milliseconds
22-Apr-2026 18:07:35.138 INFO [main] org.apache.catalina.core.StandardServer.await A valid shutdown command was received via the shutdown port. Stopping the Server instance.
22-Apr-2026 18:07:35.144 INFO [main] org.apache.coyote.AbstractProtocol.pause Pausing ProtocolHandler ["http-nio-8081"]
22-Apr-2026 18:07:35.153 INFO [main] org.apache.catalina.core.StandardService.stopInternal Stopping service [Catalina]
22-Apr-2026 18:07:35.234 WARNING [main] org.apache.catalina.loader.WebappClassLoaderBase.clearReferencesJdbc The web application [studentapp] registered the JDBC driver [com.mysql.cj.jdbc.Driver] but failed to unregister it when the web application was stopped. To prevent a memory leak, the JDBC Driver has been forcibly unregistered.
22-Apr-2026 18:07:35.236 WARNING [main] org.apache.catalina.loader.WebappClassLoaderBase.clearReferencesThreads The web application [studentapp] appears to have started a thread named [mysql-cj-abandoned-connection-cleanup] but has failed to stop it. This is very likely to create a memory leak. Stack trace of thread:
 java.base/java.lang.Object.wait0(Native Method)
 java.base/java.lang.Object.wait(Object.java:391)
 java.base/java.lang.ref.ReferenceQueue.remove0(ReferenceQueue.java:123)
 java.base/java.lang.ref.ReferenceQueue.remove(ReferenceQueue.java:201)
 com.mysql.cj.jdbc.AbandonedConnectionCleanupThread.run(AbandonedConnectionCleanupThread.java:84)
 java.base/java.util.concurrent.ThreadPoolExecutor.runWorker(ThreadPoolExecutor.java:1090)
 java.base/java.util.concurrent.ThreadPoolExecutor$Worker.run(ThreadPoolExecutor.java:614)
 java.base/java.lang.Thread.run(Thread.java:1516)
22-Apr-2026 18:07:35.257 INFO [main] org.apache.coyote.AbstractProtocol.stop Stopping ProtocolHandler ["http-nio-8081"]
22-Apr-2026 18:07:35.271 INFO [main] org.apache.coyote.AbstractProtocol.destroy Destroying ProtocolHandler ["http-nio-8081"]
22-Apr-2026 18:07:40.743 INFO [main] org.apache.catalina.startup.VersionLoggerListener.log Server version name:   Apache Tomcat/10.1.54
22-Apr-2026 18:07:40.747 INFO [main] org.apache.catalina.startup.VersionLoggerListener.log Server built:          Mar 30 2026 22:31:53 UTC
22-Apr-2026 18:07:40.747 INFO [main] org.apache.catalina.startup.VersionLoggerListener.log Server version number: 10.1.54.0
22-Apr-2026 18:07:40.748 INFO [main] org.apache.catalina.startup.VersionLoggerListener.log OS Name:               Windows 11
22-Apr-2026 18:07:40.748 INFO [main] org.apache.catalina.startup.VersionLoggerListener.log OS Version:            10.0
22-Apr-2026 18:07:40.748 INFO [main] org.apache.catalina.startup.VersionLoggerListener.log Architecture:          amd64
22-Apr-2026 18:07:40.748 INFO [main] org.apache.catalina.startup.VersionLoggerListener.log Java Home:             C:\Program Files\Java\jdk-26.0.1
22-Apr-2026 18:07:40.748 INFO [main] org.apache.catalina.startup.VersionLoggerListener.log JVM Version:           26.0.1+8-34
22-Apr-2026 18:07:40.748 INFO [main] org.apache.catalina.startup.VersionLoggerListener.log JVM Vendor:            Oracle Corporation
22-Apr-2026 18:07:40.749 INFO [main] org.apache.catalina.startup.VersionLoggerListener.log CATALINA_BASE:         E:\project\tomcat\apache-tomcat-10.1.54
22-Apr-2026 18:07:40.749 INFO [main] org.apache.catalina.startup.VersionLoggerListener.log CATALINA_HOME:         E:\project\tomcat\apache-tomcat-10.1.54
22-Apr-2026 18:07:40.764 INFO [main] org.apache.catalina.startup.VersionLoggerListener.log Command line argument: -Djava.util.logging.config.file=E:\project\tomcat\apache-tomcat-10.1.54\conf\logging.properties
22-Apr-2026 18:07:40.765 INFO [main] org.apache.catalina.startup.VersionLoggerListener.log Command line argument: -Djava.util.logging.manager=org.apache.juli.ClassLoaderLogManager
22-Apr-2026 18:07:40.765 INFO [main] org.apache.catalina.startup.VersionLoggerListener.log Command line argument: -Djdk.tls.ephemeralDHKeySize=2048
22-Apr-2026 18:07:40.765 INFO [main] org.apache.catalina.startup.VersionLoggerListener.log Command line argument: -Djava.protocol.handler.pkgs=org.apache.catalina.webresources
22-Apr-2026 18:07:40.765 INFO [main] org.apache.catalina.startup.VersionLoggerListener.log Command line argument: -Dsun.io.useCanonCaches=false
22-Apr-2026 18:07:40.765 INFO [main] org.apache.catalina.startup.VersionLoggerListener.log Command line argument: --add-opens=java.base/java.lang=ALL-UNNAMED
22-Apr-2026 18:07:40.765 INFO [main] org.apache.catalina.startup.VersionLoggerListener.log Command line argument: --add-opens=java.base/java.lang.reflect=ALL-UNNAMED
22-Apr-2026 18:07:40.765 INFO [main] org.apache.catalina.startup.VersionLoggerListener.log Command line argument: --add-opens=java.base/java.io=ALL-UNNAMED
22-Apr-2026 18:07:40.766 INFO [main] org.apache.catalina.startup.VersionLoggerListener.log Command line argument: --add-opens=java.base/java.util=ALL-UNNAMED
22-Apr-2026 18:07:40.766 INFO [main] org.apache.catalina.startup.VersionLoggerListener.log Command line argument: --add-opens=java.base/java.util.concurrent=ALL-UNNAMED
22-Apr-2026 18:07:40.766 INFO [main] org.apache.catalina.startup.VersionLoggerListener.log Command line argument: --add-opens=java.rmi/sun.rmi.transport=ALL-UNNAMED
22-Apr-2026 18:07:40.766 INFO [main] org.apache.catalina.startup.VersionLoggerListener.log Command line argument: -Dcatalina.base=E:\project\tomcat\apache-tomcat-10.1.54
22-Apr-2026 18:07:40.766 INFO [main] org.apache.catalina.startup.VersionLoggerListener.log Command line argument: -Dcatalina.home=E:\project\tomcat\apache-tomcat-10.1.54
22-Apr-2026 18:07:40.767 INFO [main] org.apache.catalina.startup.VersionLoggerListener.log Command line argument: -Djava.io.tmpdir=E:\project\tomcat\apache-tomcat-10.1.54\temp
22-Apr-2026 18:07:40.770 INFO [main] org.apache.catalina.core.AprLifecycleListener.lifecycleEvent Loaded Apache Tomcat Native library [2.0.14] using APR version [1.7.6].
22-Apr-2026 18:07:40.779 INFO [main] org.apache.catalina.core.AprLifecycleListener.initializeSSL OpenSSL successfully initialized [OpenSSL 3.5.5 27 Jan 2026]
22-Apr-2026 18:07:41.172 INFO [main] org.apache.coyote.AbstractProtocol.init Initializing ProtocolHandler ["http-nio-8081"]
22-Apr-2026 18:07:41.221 INFO [main] org.apache.catalina.startup.Catalina.load Server initialization in [697] milliseconds
22-Apr-2026 18:07:41.322 INFO [main] org.apache.catalina.core.StandardService.startInternal Starting service [Catalina]
22-Apr-2026 18:07:41.322 INFO [main] org.apache.catalina.core.StandardEngine.startInternal Starting Servlet engine: [Apache Tomcat/10.1.54]
22-Apr-2026 18:07:41.335 INFO [main] org.apache.catalina.startup.HostConfig.deployDirectory Deploying web application directory [E:\project\tomcat\apache-tomcat-10.1.54\webapps\docs]
22-Apr-2026 18:07:41.764 INFO [main] org.apache.catalina.startup.HostConfig.deployDirectory Deployment of web application directory [E:\project\tomcat\apache-tomcat-10.1.54\webapps\docs] has finished in [422] ms
22-Apr-2026 18:07:41.764 INFO [main] org.apache.catalina.startup.HostConfig.deployDirectory Deploying web application directory [E:\project\tomcat\apache-tomcat-10.1.54\webapps\examples]
22-Apr-2026 18:07:42.193 INFO [main] org.apache.catalina.startup.HostConfig.deployDirectory Deployment of web application directory [E:\project\tomcat\apache-tomcat-10.1.54\webapps\examples] has finished in [428] ms
22-Apr-2026 18:07:42.193 INFO [main] org.apache.catalina.startup.HostConfig.deployDirectory Deploying web application directory [E:\project\tomcat\apache-tomcat-10.1.54\webapps\host-manager]
22-Apr-2026 18:07:42.244 INFO [main] org.apache.catalina.startup.HostConfig.deployDirectory Deployment of web application directory [E:\project\tomcat\apache-tomcat-10.1.54\webapps\host-manager] has finished in [51] ms
22-Apr-2026 18:07:42.245 INFO [main] org.apache.catalina.startup.HostConfig.deployDirectory Deploying web application directory [E:\project\tomcat\apache-tomcat-10.1.54\webapps\manager]
22-Apr-2026 18:07:42.289 INFO [main] org.apache.catalina.startup.HostConfig.deployDirectory Deployment of web application directory [E:\project\tomcat\apache-tomcat-10.1.54\webapps\manager] has finished in [44] ms
22-Apr-2026 18:07:42.291 INFO [main] org.apache.catalina.startup.HostConfig.deployDirectory Deploying web application directory [E:\project\tomcat\apache-tomcat-10.1.54\webapps\ROOT]
22-Apr-2026 18:07:42.324 INFO [main] org.apache.catalina.startup.HostConfig.deployDirectory Deployment of web application directory [E:\project\tomcat\apache-tomcat-10.1.54\webapps\ROOT] has finished in [32] ms
22-Apr-2026 18:07:42.324 INFO [main] org.apache.catalina.startup.HostConfig.deployDirectory Deploying web application directory [E:\project\tomcat\apache-tomcat-10.1.54\webapps\studentapp]
22-Apr-2026 18:07:42.651 INFO [main] org.apache.jasper.servlet.TldScanner.scanJars At least one JAR was scanned for TLDs yet contained no TLDs. Enable debug logging for this logger for a complete list of JARs that were scanned but no TLDs were found in them. Skipping unneeded JARs during scanning can improve startup time and JSP compilation time.
22-Apr-2026 18:07:42.662 INFO [main] org.apache.catalina.startup.HostConfig.deployDirectory Deployment of web application directory [E:\project\tomcat\apache-tomcat-10.1.54\webapps\studentapp] has finished in [338] ms
22-Apr-2026 18:07:42.667 INFO [main] org.apache.coyote.AbstractProtocol.start Starting ProtocolHandler ["http-nio-8081"]
22-Apr-2026 18:07:42.714 INFO [main] org.apache.catalina.startup.Catalina.start Server startup in [1484] milliseconds
22-Apr-2026 18:17:14.915 INFO [main] org.apache.catalina.startup.VersionLoggerListener.log Server version name:   Apache Tomcat/10.1.54
22-Apr-2026 18:17:14.919 INFO [main] org.apache.catalina.startup.VersionLoggerListener.log Server built:          Mar 30 2026 22:31:53 UTC
22-Apr-2026 18:17:14.919 INFO [main] org.apache.catalina.startup.VersionLoggerListener.log Server version number: 10.1.54.0
22-Apr-2026 18:17:14.919 INFO [main] org.apache.catalina.startup.VersionLoggerListener.log OS Name:               Windows 11
22-Apr-2026 18:17:14.919 INFO [main] org.apache.catalina.startup.VersionLoggerListener.log OS Version:            10.0
22-Apr-2026 18:17:14.920 INFO [main] org.apache.catalina.startup.VersionLoggerListener.log Architecture:          amd64
22-Apr-2026 18:17:14.920 INFO [main] org.apache.catalina.startup.VersionLoggerListener.log Java Home:             C:\Program Files\Java\jdk-26.0.1
22-Apr-2026 18:17:14.920 INFO [main] org.apache.catalina.startup.VersionLoggerListener.log JVM Version:           26.0.1+8-34
22-Apr-2026 18:17:14.920 INFO [main] org.apache.catalina.startup.VersionLoggerListener.log JVM Vendor:            Oracle Corporation
22-Apr-2026 18:17:14.920 INFO [main] org.apache.catalina.startup.VersionLoggerListener.log CATALINA_BASE:         E:\project\tomcat\apache-tomcat-10.1.54
22-Apr-2026 18:17:14.920 INFO [main] org.apache.catalina.startup.VersionLoggerListener.log CATALINA_HOME:         E:\project\tomcat\apache-tomcat-10.1.54
22-Apr-2026 18:17:14.935 INFO [main] org.apache.catalina.startup.VersionLoggerListener.log Command line argument: -Djava.util.logging.config.file=E:\project\tomcat\apache-tomcat-10.1.54\conf\logging.properties
22-Apr-2026 18:17:14.936 INFO [main] org.apache.catalina.startup.VersionLoggerListener.log Command line argument: -Djava.util.logging.manager=org.apache.juli.ClassLoaderLogManager
22-Apr-2026 18:17:14.936 INFO [main] org.apache.catalina.startup.VersionLoggerListener.log Command line argument: -Djdk.tls.ephemeralDHKeySize=2048
22-Apr-2026 18:17:14.936 INFO [main] org.apache.catalina.startup.VersionLoggerListener.log Command line argument: -Djava.protocol.handler.pkgs=org.apache.catalina.webresources
22-Apr-2026 18:17:14.936 INFO [main] org.apache.catalina.startup.VersionLoggerListener.log Command line argument: -Dsun.io.useCanonCaches=false
22-Apr-2026 18:17:14.936 INFO [main] org.apache.catalina.startup.VersionLoggerListener.log Command line argument: --add-opens=java.base/java.lang=ALL-UNNAMED
22-Apr-2026 18:17:14.936 INFO [main] org.apache.catalina.startup.VersionLoggerListener.log Command line argument: --add-opens=java.base/java.lang.reflect=ALL-UNNAMED
22-Apr-2026 18:17:14.936 INFO [main] org.apache.catalina.startup.VersionLoggerListener.log Command line argument: --add-opens=java.base/java.io=ALL-UNNAMED
22-Apr-2026 18:17:14.937 INFO [main] org.apache.catalina.startup.VersionLoggerListener.log Command line argument: --add-opens=java.base/java.util=ALL-UNNAMED
22-Apr-2026 18:17:14.937 INFO [main] org.apache.catalina.startup.VersionLoggerListener.log Command line argument: --add-opens=java.base/java.util.concurrent=ALL-UNNAMED
22-Apr-2026 18:17:14.937 INFO [main] org.apache.catalina.startup.VersionLoggerListener.log Command line argument: --add-opens=java.rmi/sun.rmi.transport=ALL-UNNAMED
22-Apr-2026 18:17:14.937 INFO [main] org.apache.catalina.startup.VersionLoggerListener.log Command line argument: -Dcatalina.base=E:\project\tomcat\apache-tomcat-10.1.54
22-Apr-2026 18:17:14.937 INFO [main] org.apache.catalina.startup.VersionLoggerListener.log Command line argument: -Dcatalina.home=E:\project\tomcat\apache-tomcat-10.1.54
22-Apr-2026 18:17:14.937 INFO [main] org.apache.catalina.startup.VersionLoggerListener.log Command line argument: -Djava.io.tmpdir=E:\project\tomcat\apache-tomcat-10.1.54\temp
22-Apr-2026 18:17:15.013 INFO [main] org.apache.catalina.core.AprLifecycleListener.lifecycleEvent Loaded Apache Tomcat Native library [2.0.14] using APR version [1.7.6].
22-Apr-2026 18:17:15.021 INFO [main] org.apache.catalina.core.AprLifecycleListener.initializeSSL OpenSSL successfully initialized [OpenSSL 3.5.5 27 Jan 2026]
22-Apr-2026 18:17:15.287 INFO [main] org.apache.coyote.AbstractProtocol.init Initializing ProtocolHandler ["http-nio-8081"]
22-Apr-2026 18:17:15.321 INFO [main] org.apache.catalina.startup.Catalina.load Server initialization in [553] milliseconds
22-Apr-2026 18:17:15.378 INFO [main] org.apache.catalina.core.StandardService.startInternal Starting service [Catalina]
22-Apr-2026 18:17:15.378 INFO [main] org.apache.catalina.core.StandardEngine.startInternal Starting Servlet engine: [Apache Tomcat/10.1.54]
22-Apr-2026 18:17:15.398 INFO [main] org.apache.catalina.startup.HostConfig.deployDirectory Deploying web application directory [E:\project\tomcat\apache-tomcat-10.1.54\webapps\docs]
22-Apr-2026 18:17:15.730 INFO [main] org.apache.catalina.startup.HostConfig.deployDirectory Deployment of web application directory [E:\project\tomcat\apache-tomcat-10.1.54\webapps\docs] has finished in [327] ms
22-Apr-2026 18:17:15.731 INFO [main] org.apache.catalina.startup.HostConfig.deployDirectory Deploying web application directory [E:\project\tomcat\apache-tomcat-10.1.54\webapps\examples]
22-Apr-2026 18:17:16.311 INFO [main] org.apache.catalina.startup.HostConfig.deployDirectory Deployment of web application directory [E:\project\tomcat\apache-tomcat-10.1.54\webapps\examples] has finished in [581] ms
22-Apr-2026 18:17:16.311 INFO [main] org.apache.catalina.startup.HostConfig.deployDirectory Deploying web application directory [E:\project\tomcat\apache-tomcat-10.1.54\webapps\host-manager]
22-Apr-2026 18:17:16.359 INFO [main] org.apache.catalina.startup.HostConfig.deployDirectory Deployment of web application directory [E:\project\tomcat\apache-tomcat-10.1.54\webapps\host-manager] has finished in [48] ms
22-Apr-2026 18:17:16.360 INFO [main] org.apache.catalina.startup.HostConfig.deployDirectory Deploying web application directory [E:\project\tomcat\apache-tomcat-10.1.54\webapps\manager]
22-Apr-2026 18:17:16.395 INFO [main] org.apache.catalina.startup.HostConfig.deployDirectory Deployment of web application directory [E:\project\tomcat\apache-tomcat-10.1.54\webapps\manager] has finished in [35] ms
22-Apr-2026 18:17:16.396 INFO [main] org.apache.catalina.startup.HostConfig.deployDirectory Deploying web application directory [E:\project\tomcat\apache-tomcat-10.1.54\webapps\ROOT]
22-Apr-2026 18:17:16.419 INFO [main] org.apache.catalina.startup.HostConfig.deployDirectory Deployment of web application directory [E:\project\tomcat\apache-tomcat-10.1.54\webapps\ROOT] has finished in [23] ms
22-Apr-2026 18:17:16.420 INFO [main] org.apache.catalina.startup.HostConfig.deployDirectory Deploying web application directory [E:\project\tomcat\apache-tomcat-10.1.54\webapps\studentapp]
22-Apr-2026 18:17:16.661 INFO [main] org.apache.jasper.servlet.TldScanner.scanJars At least one JAR was scanned for TLDs yet contained no TLDs. Enable debug logging for this logger for a complete list of JARs that were scanned but no TLDs were found in them. Skipping unneeded JARs during scanning can improve startup time and JSP compilation time.
22-Apr-2026 18:17:16.669 INFO [main] org.apache.catalina.startup.HostConfig.deployDirectory Deployment of web application directory [E:\project\tomcat\apache-tomcat-10.1.54\webapps\studentapp] has finished in [248] ms
22-Apr-2026 18:17:16.672 INFO [main] org.apache.coyote.AbstractProtocol.start Starting ProtocolHandler ["http-nio-8081"]
22-Apr-2026 18:17:16.707 INFO [main] org.apache.catalina.startup.Catalina.start Server startup in [1383] milliseconds
22-Apr-2026 18:40:45.317 INFO [main] org.apache.catalina.startup.VersionLoggerListener.log Server version name:   Apache Tomcat/10.1.54
22-Apr-2026 18:40:45.321 INFO [main] org.apache.catalina.startup.VersionLoggerListener.log Server built:          Mar 30 2026 22:31:53 UTC
22-Apr-2026 18:40:45.322 INFO [main] org.apache.catalina.startup.VersionLoggerListener.log Server version number: 10.1.54.0
22-Apr-2026 18:40:45.322 INFO [main] org.apache.catalina.startup.VersionLoggerListener.log OS Name:               Windows 11
22-Apr-2026 18:40:45.322 INFO [main] org.apache.catalina.startup.VersionLoggerListener.log OS Version:            10.0
22-Apr-2026 18:40:45.323 INFO [main] org.apache.catalina.startup.VersionLoggerListener.log Architecture:          amd64
22-Apr-2026 18:40:45.323 INFO [main] org.apache.catalina.startup.VersionLoggerListener.log Java Home:             C:\Program Files\Java\jdk-26.0.1
22-Apr-2026 18:40:45.323 INFO [main] org.apache.catalina.startup.VersionLoggerListener.log JVM Version:           26.0.1+8-34
22-Apr-2026 18:40:45.323 INFO [main] org.apache.catalina.startup.VersionLoggerListener.log JVM Vendor:            Oracle Corporation
22-Apr-2026 18:40:45.323 INFO [main] org.apache.catalina.startup.VersionLoggerListener.log CATALINA_BASE:         E:\project\tomcat\apache-tomcat-10.1.54
22-Apr-2026 18:40:45.323 INFO [main] org.apache.catalina.startup.VersionLoggerListener.log CATALINA_HOME:         E:\project\tomcat\apache-tomcat-10.1.54
22-Apr-2026 18:40:45.344 INFO [main] org.apache.catalina.startup.VersionLoggerListener.log Command line argument: -Djava.util.logging.config.file=E:\project\tomcat\apache-tomcat-10.1.54\conf\logging.properties
22-Apr-2026 18:40:45.345 INFO [main] org.apache.catalina.startup.VersionLoggerListener.log Command line argument: -Djava.util.logging.manager=org.apache.juli.ClassLoaderLogManager
22-Apr-2026 18:40:45.345 INFO [main] org.apache.catalina.startup.VersionLoggerListener.log Command line argument: -Djdk.tls.ephemeralDHKeySize=2048
22-Apr-2026 18:40:45.345 INFO [main] org.apache.catalina.startup.VersionLoggerListener.log Command line argument: -Djava.protocol.handler.pkgs=org.apache.catalina.webresources
22-Apr-2026 18:40:45.345 INFO [main] org.apache.catalina.startup.VersionLoggerListener.log Command line argument: -Dsun.io.useCanonCaches=false
22-Apr-2026 18:40:45.345 INFO [main] org.apache.catalina.startup.VersionLoggerListener.log Command line argument: --add-opens=java.base/java.lang=ALL-UNNAMED
22-Apr-2026 18:40:45.346 INFO [main] org.apache.catalina.startup.VersionLoggerListener.log Command line argument: --add-opens=java.base/java.lang.reflect=ALL-UNNAMED
22-Apr-2026 18:40:45.346 INFO [main] org.apache.catalina.startup.VersionLoggerListener.log Command line argument: --add-opens=java.base/java.io=ALL-UNNAMED
22-Apr-2026 18:40:45.346 INFO [main] org.apache.catalina.startup.VersionLoggerListener.log Command line argument: --add-opens=java.base/java.util=ALL-UNNAMED
22-Apr-2026 18:40:45.346 INFO [main] org.apache.catalina.startup.VersionLoggerListener.log Command line argument: --add-opens=java.base/java.util.concurrent=ALL-UNNAMED
22-Apr-2026 18:40:45.346 INFO [main] org.apache.catalina.startup.VersionLoggerListener.log Command line argument: --add-opens=java.rmi/sun.rmi.transport=ALL-UNNAMED
22-Apr-2026 18:40:45.346 INFO [main] org.apache.catalina.startup.VersionLoggerListener.log Command line argument: -Dcatalina.base=E:\project\tomcat\apache-tomcat-10.1.54
22-Apr-2026 18:40:45.346 INFO [main] org.apache.catalina.startup.VersionLoggerListener.log Command line argument: -Dcatalina.home=E:\project\tomcat\apache-tomcat-10.1.54
22-Apr-2026 18:40:45.346 INFO [main] org.apache.catalina.startup.VersionLoggerListener.log Command line argument: -Djava.io.tmpdir=E:\project\tomcat\apache-tomcat-10.1.54\temp
22-Apr-2026 18:40:45.419 INFO [main] org.apache.catalina.core.AprLifecycleListener.lifecycleEvent Loaded Apache Tomcat Native library [2.0.14] using APR version [1.7.6].
22-Apr-2026 18:40:45.429 INFO [main] org.apache.catalina.core.AprLifecycleListener.initializeSSL OpenSSL successfully initialized [OpenSSL 3.5.5 27 Jan 2026]
22-Apr-2026 18:40:45.727 INFO [main] org.apache.coyote.AbstractProtocol.init Initializing ProtocolHandler ["http-nio-8081"]
22-Apr-2026 18:40:45.759 INFO [main] org.apache.catalina.startup.Catalina.load Server initialization in [650] milliseconds
22-Apr-2026 18:40:45.835 INFO [main] org.apache.catalina.core.StandardService.startInternal Starting service [Catalina]
22-Apr-2026 18:40:45.836 INFO [main] org.apache.catalina.core.StandardEngine.startInternal Starting Servlet engine: [Apache Tomcat/10.1.54]
22-Apr-2026 18:40:45.855 INFO [main] org.apache.catalina.startup.HostConfig.deployDirectory Deploying web application directory [E:\project\tomcat\apache-tomcat-10.1.54\webapps\docs]
22-Apr-2026 18:40:46.176 INFO [main] org.apache.catalina.startup.HostConfig.deployDirectory Deployment of web application directory [E:\project\tomcat\apache-tomcat-10.1.54\webapps\docs] has finished in [318] ms
22-Apr-2026 18:40:46.176 INFO [main] org.apache.catalina.startup.HostConfig.deployDirectory Deploying web application directory [E:\project\tomcat\apache-tomcat-10.1.54\webapps\examples]
22-Apr-2026 18:40:46.465 INFO [main] org.apache.catalina.startup.HostConfig.deployDirectory Deployment of web application directory [E:\project\tomcat\apache-tomcat-10.1.54\webapps\examples] has finished in [288] ms
22-Apr-2026 18:40:46.465 INFO [main] org.apache.catalina.startup.HostConfig.deployDirectory Deploying web application directory [E:\project\tomcat\apache-tomcat-10.1.54\webapps\host-manager]
22-Apr-2026 18:40:46.498 INFO [main] org.apache.catalina.startup.HostConfig.deployDirectory Deployment of web application directory [E:\project\tomcat\apache-tomcat-10.1.54\webapps\host-manager] has finished in [33] ms
22-Apr-2026 18:40:46.499 INFO [main] org.apache.catalina.startup.HostConfig.deployDirectory Deploying web application directory [E:\project\tomcat\apache-tomcat-10.1.54\webapps\manager]
22-Apr-2026 18:40:46.535 INFO [main] org.apache.catalina.startup.HostConfig.deployDirectory Deployment of web application directory [E:\project\tomcat\apache-tomcat-10.1.54\webapps\manager] has finished in [36] ms
22-Apr-2026 18:40:46.535 INFO [main] org.apache.catalina.startup.HostConfig.deployDirectory Deploying web application directory [E:\project\tomcat\apache-tomcat-10.1.54\webapps\ROOT]
22-Apr-2026 18:40:46.555 INFO [main] org.apache.catalina.startup.HostConfig.deployDirectory Deployment of web application directory [E:\project\tomcat\apache-tomcat-10.1.54\webapps\ROOT] has finished in [20] ms
22-Apr-2026 18:40:46.555 INFO [main] org.apache.catalina.startup.HostConfig.deployDirectory Deploying web application directory [E:\project\tomcat\apache-tomcat-10.1.54\webapps\studentapp]
22-Apr-2026 18:40:46.766 INFO [main] org.apache.jasper.servlet.TldScanner.scanJars At least one JAR was scanned for TLDs yet contained no TLDs. Enable debug logging for this logger for a complete list of JARs that were scanned but no TLDs were found in them. Skipping unneeded JARs during scanning can improve startup time and JSP compilation time.
22-Apr-2026 18:40:46.773 INFO [main] org.apache.catalina.startup.HostConfig.deployDirectory Deployment of web application directory [E:\project\tomcat\apache-tomcat-10.1.54\webapps\studentapp] has finished in [218] ms
22-Apr-2026 18:40:46.777 INFO [main] org.apache.coyote.AbstractProtocol.start Starting ProtocolHandler ["http-nio-8081"]
22-Apr-2026 18:40:46.820 INFO [main] org.apache.catalina.startup.Catalina.start Server startup in [1056] milliseconds
22-Apr-2026 19:59:20.516 INFO [main] org.apache.catalina.startup.VersionLoggerListener.log Server version name:   Apache Tomcat/10.1.54
22-Apr-2026 19:59:20.519 INFO [main] org.apache.catalina.startup.VersionLoggerListener.log Server built:          Mar 30 2026 22:31:53 UTC
22-Apr-2026 19:59:20.520 INFO [main] org.apache.catalina.startup.VersionLoggerListener.log Server version number: 10.1.54.0
22-Apr-2026 19:59:20.520 INFO [main] org.apache.catalina.startup.VersionLoggerListener.log OS Name:               Windows 11
22-Apr-2026 19:59:20.520 INFO [main] org.apache.catalina.startup.VersionLoggerListener.log OS Version:            10.0
22-Apr-2026 19:59:20.520 INFO [main] org.apache.catalina.startup.VersionLoggerListener.log Architecture:          amd64
22-Apr-2026 19:59:20.520 INFO [main] org.apache.catalina.startup.VersionLoggerListener.log Java Home:             C:\Program Files\Java\jdk-26.0.1
22-Apr-2026 19:59:20.520 INFO [main] org.apache.catalina.startup.VersionLoggerListener.log JVM Version:           26.0.1+8-34
22-Apr-2026 19:59:20.520 INFO [main] org.apache.catalina.startup.VersionLoggerListener.log JVM Vendor:            Oracle Corporation
22-Apr-2026 19:59:20.520 INFO [main] org.apache.catalina.startup.VersionLoggerListener.log CATALINA_BASE:         E:\project\tomcat\apache-tomcat-10.1.54
22-Apr-2026 19:59:20.521 INFO [main] org.apache.catalina.startup.VersionLoggerListener.log CATALINA_HOME:         E:\project\tomcat\apache-tomcat-10.1.54
22-Apr-2026 19:59:20.531 INFO [main] org.apache.catalina.startup.VersionLoggerListener.log Command line argument: -Djava.util.logging.config.file=E:\project\tomcat\apache-tomcat-10.1.54\conf\logging.properties
22-Apr-2026 19:59:20.532 INFO [main] org.apache.catalina.startup.VersionLoggerListener.log Command line argument: -Djava.util.logging.manager=org.apache.juli.ClassLoaderLogManager
22-Apr-2026 19:59:20.532 INFO [main] org.apache.catalina.startup.VersionLoggerListener.log Command line argument: -Djdk.tls.ephemeralDHKeySize=2048
22-Apr-2026 19:59:20.532 INFO [main] org.apache.catalina.startup.VersionLoggerListener.log Command line argument: -Djava.protocol.handler.pkgs=org.apache.catalina.webresources
22-Apr-2026 19:59:20.532 INFO [main] org.apache.catalina.startup.VersionLoggerListener.log Command line argument: -Dsun.io.useCanonCaches=false
22-Apr-2026 19:59:20.532 INFO [main] org.apache.catalina.startup.VersionLoggerListener.log Command line argument: --add-opens=java.base/java.lang=ALL-UNNAMED
22-Apr-2026 19:59:20.533 INFO [main] org.apache.catalina.startup.VersionLoggerListener.log Command line argument: --add-opens=java.base/java.lang.reflect=ALL-UNNAMED
22-Apr-2026 19:59:20.533 INFO [main] org.apache.catalina.startup.VersionLoggerListener.log Command line argument: --add-opens=java.base/java.io=ALL-UNNAMED
22-Apr-2026 19:59:20.533 INFO [main] org.apache.catalina.startup.VersionLoggerListener.log Command line argument: --add-opens=java.base/java.util=ALL-UNNAMED
22-Apr-2026 19:59:20.533 INFO [main] org.apache.catalina.startup.VersionLoggerListener.log Command line argument: --add-opens=java.base/java.util.concurrent=ALL-UNNAMED
22-Apr-2026 19:59:20.533 INFO [main] org.apache.catalina.startup.VersionLoggerListener.log Command line argument: --add-opens=java.rmi/sun.rmi.transport=ALL-UNNAMED
22-Apr-2026 19:59:20.533 INFO [main] org.apache.catalina.startup.VersionLoggerListener.log Command line argument: -Dcatalina.base=E:\project\tomcat\apache-tomcat-10.1.54
22-Apr-2026 19:59:20.533 INFO [main] org.apache.catalina.startup.VersionLoggerListener.log Command line argument: -Dcatalina.home=E:\project\tomcat\apache-tomcat-10.1.54
22-Apr-2026 19:59:20.534 INFO [main] org.apache.catalina.startup.VersionLoggerListener.log Command line argument: -Djava.io.tmpdir=E:\project\tomcat\apache-tomcat-10.1.54\temp
22-Apr-2026 19:59:20.538 INFO [main] org.apache.catalina.core.AprLifecycleListener.lifecycleEvent Loaded Apache Tomcat Native library [2.0.14] using APR version [1.7.6].
22-Apr-2026 19:59:20.547 INFO [main] org.apache.catalina.core.AprLifecycleListener.initializeSSL OpenSSL successfully initialized [OpenSSL 3.5.5 27 Jan 2026]
22-Apr-2026 19:59:20.808 INFO [main] org.apache.coyote.AbstractProtocol.init Initializing ProtocolHandler ["http-nio-8081"]
22-Apr-2026 19:59:20.831 INFO [main] org.apache.catalina.startup.Catalina.load Server initialization in [458] milliseconds
22-Apr-2026 19:59:20.894 INFO [main] org.apache.catalina.core.StandardService.startInternal Starting service [Catalina]
22-Apr-2026 19:59:20.894 INFO [main] org.apache.catalina.core.StandardEngine.startInternal Starting Servlet engine: [Apache Tomcat/10.1.54]
22-Apr-2026 19:59:20.912 INFO [main] org.apache.catalina.startup.HostConfig.deployDirectory Deploying web application directory [E:\project\tomcat\apache-tomcat-10.1.54\webapps\docs]
22-Apr-2026 19:59:21.246 INFO [main] org.apache.catalina.startup.HostConfig.deployDirectory Deployment of web application directory [E:\project\tomcat\apache-tomcat-10.1.54\webapps\docs] has finished in [331] ms
22-Apr-2026 19:59:21.247 INFO [main] org.apache.catalina.startup.HostConfig.deployDirectory Deploying web application directory [E:\project\tomcat\apache-tomcat-10.1.54\webapps\examples]
22-Apr-2026 19:59:21.608 INFO [main] org.apache.catalina.startup.HostConfig.deployDirectory Deployment of web application directory [E:\project\tomcat\apache-tomcat-10.1.54\webapps\examples] has finished in [361] ms
22-Apr-2026 19:59:21.608 INFO [main] org.apache.catalina.startup.HostConfig.deployDirectory Deploying web application directory [E:\project\tomcat\apache-tomcat-10.1.54\webapps\host-manager]
22-Apr-2026 19:59:21.657 INFO [main] org.apache.catalina.startup.HostConfig.deployDirectory Deployment of web application directory [E:\project\tomcat\apache-tomcat-10.1.54\webapps\host-manager] has finished in [49] ms
22-Apr-2026 19:59:21.658 INFO [main] org.apache.catalina.startup.HostConfig.deployDirectory Deploying web application directory [E:\project\tomcat\apache-tomcat-10.1.54\webapps\manager]
22-Apr-2026 19:59:21.702 INFO [main] org.apache.catalina.startup.HostConfig.deployDirectory Deployment of web application directory [E:\project\tomcat\apache-tomcat-10.1.54\webapps\manager] has finished in [43] ms
22-Apr-2026 19:59:21.703 INFO [main] org.apache.catalina.startup.HostConfig.deployDirectory Deploying web application directory [E:\project\tomcat\apache-tomcat-10.1.54\webapps\ROOT]
22-Apr-2026 19:59:21.741 INFO [main] org.apache.catalina.startup.HostConfig.deployDirectory Deployment of web application directory [E:\project\tomcat\apache-tomcat-10.1.54\webapps\ROOT] has finished in [37] ms
22-Apr-2026 19:59:21.742 INFO [main] org.apache.catalina.startup.HostConfig.deployDirectory Deploying web application directory [E:\project\tomcat\apache-tomcat-10.1.54\webapps\studentapp]
22-Apr-2026 19:59:22.024 INFO [main] org.apache.jasper.servlet.TldScanner.scanJars At least one JAR was scanned for TLDs yet contained no TLDs. Enable debug logging for this logger for a complete list of JARs that were scanned but no TLDs were found in them. Skipping unneeded JARs during scanning can improve startup time and JSP compilation time.
22-Apr-2026 19:59:22.036 INFO [main] org.apache.catalina.startup.HostConfig.deployDirectory Deployment of web application directory [E:\project\tomcat\apache-tomcat-10.1.54\webapps\studentapp] has finished in [294] ms
22-Apr-2026 19:59:22.041 INFO [main] org.apache.coyote.AbstractProtocol.start Starting ProtocolHandler ["http-nio-8081"]
22-Apr-2026 19:59:22.085 INFO [main] org.apache.catalina.startup.Catalina.start Server startup in [1250] milliseconds
22-Apr-2026 20:02:15.599 INFO [main] org.apache.catalina.startup.VersionLoggerListener.log Server version name:   Apache Tomcat/10.1.54
22-Apr-2026 20:02:15.678 INFO [main] org.apache.catalina.startup.VersionLoggerListener.log Server built:          Mar 30 2026 22:31:53 UTC
22-Apr-2026 20:02:15.713 INFO [main] org.apache.catalina.startup.VersionLoggerListener.log Server version number: 10.1.54.0
22-Apr-2026 20:02:15.719 INFO [main] org.apache.catalina.startup.VersionLoggerListener.log OS Name:               Windows 11
22-Apr-2026 20:02:15.730 INFO [main] org.apache.catalina.startup.VersionLoggerListener.log OS Version:            10.0
22-Apr-2026 20:02:15.753 INFO [main] org.apache.catalina.startup.VersionLoggerListener.log Architecture:          amd64
22-Apr-2026 20:02:15.768 INFO [main] org.apache.catalina.startup.VersionLoggerListener.log Java Home:             C:\Program Files\Java\jdk-26.0.1
22-Apr-2026 20:02:15.779 INFO [main] org.apache.catalina.startup.VersionLoggerListener.log JVM Version:           26.0.1+8-34
22-Apr-2026 20:02:15.782 INFO [main] org.apache.catalina.startup.VersionLoggerListener.log JVM Vendor:            Oracle Corporation
22-Apr-2026 20:02:15.785 INFO [main] org.apache.catalina.startup.VersionLoggerListener.log CATALINA_BASE:         E:\project\tomcat\apache-tomcat-10.1.54
22-Apr-2026 20:02:15.806 INFO [main] org.apache.catalina.startup.VersionLoggerListener.log CATALINA_HOME:         E:\project\tomcat\apache-tomcat-10.1.54
22-Apr-2026 20:02:15.907 INFO [main] org.apache.catalina.startup.VersionLoggerListener.log Command line argument: -Djava.util.logging.config.file=E:\project\tomcat\apache-tomcat-10.1.54\conf\logging.properties
22-Apr-2026 20:02:15.913 INFO [main] org.apache.catalina.startup.VersionLoggerListener.log Command line argument: -Djava.util.logging.manager=org.apache.juli.ClassLoaderLogManager
22-Apr-2026 20:02:15.917 INFO [main] org.apache.catalina.startup.VersionLoggerListener.log Command line argument: -Djdk.tls.ephemeralDHKeySize=2048
22-Apr-2026 20:02:15.923 INFO [main] org.apache.catalina.startup.VersionLoggerListener.log Command line argument: -Djava.protocol.handler.pkgs=org.apache.catalina.webresources
22-Apr-2026 20:02:15.925 INFO [main] org.apache.catalina.startup.VersionLoggerListener.log Command line argument: -Dsun.io.useCanonCaches=false
22-Apr-2026 20:02:15.926 INFO [main] org.apache.catalina.startup.VersionLoggerListener.log Command line argument: --add-opens=java.base/java.lang=ALL-UNNAMED
22-Apr-2026 20:02:15.926 INFO [main] org.apache.catalina.startup.VersionLoggerListener.log Command line argument: --add-opens=java.base/java.lang.reflect=ALL-UNNAMED
22-Apr-2026 20:02:15.927 INFO [main] org.apache.catalina.startup.VersionLoggerListener.log Command line argument: --add-opens=java.base/java.io=ALL-UNNAMED
22-Apr-2026 20:02:15.927 INFO [main] org.apache.catalina.startup.VersionLoggerListener.log Command line argument: --add-opens=java.base/java.util=ALL-UNNAMED
22-Apr-2026 20:02:15.928 INFO [main] org.apache.catalina.startup.VersionLoggerListener.log Command line argument: --add-opens=java.base/java.util.concurrent=ALL-UNNAMED
22-Apr-2026 20:02:15.929 INFO [main] org.apache.catalina.startup.VersionLoggerListener.log Command line argument: --add-opens=java.rmi/sun.rmi.transport=ALL-UNNAMED
22-Apr-2026 20:02:15.930 INFO [main] org.apache.catalina.startup.VersionLoggerListener.log Command line argument: -Dcatalina.base=E:\project\tomcat\apache-tomcat-10.1.54
22-Apr-2026 20:02:15.934 INFO [main] org.apache.catalina.startup.VersionLoggerListener.log Command line argument: -Dcatalina.home=E:\project\tomcat\apache-tomcat-10.1.54
22-Apr-2026 20:02:15.937 INFO [main] org.apache.catalina.startup.VersionLoggerListener.log Command line argument: -Djava.io.tmpdir=E:\project\tomcat\apache-tomcat-10.1.54\temp
22-Apr-2026 20:02:15.996 INFO [main] org.apache.catalina.core.AprLifecycleListener.lifecycleEvent Loaded Apache Tomcat Native library [2.0.14] using APR version [1.7.6].
22-Apr-2026 20:02:16.076 INFO [main] org.apache.catalina.core.AprLifecycleListener.initializeSSL OpenSSL successfully initialized [OpenSSL 3.5.5 27 Jan 2026]
22-Apr-2026 20:02:18.589 INFO [main] org.apache.coyote.AbstractProtocol.init Initializing ProtocolHandler ["http-nio-8081"]
22-Apr-2026 20:02:18.874 SEVERE [main] org.apache.catalina.util.LifecycleBase.handleSubClassException Failed to initialize component [Connector["http-nio-8081"]]
	org.apache.catalina.LifecycleException: Protocol handler initialization failed
		at org.apache.catalina.connector.Connector.initInternal(Connector.java:1084)
		at org.apache.catalina.util.LifecycleBase.init(LifecycleBase.java:122)
		at org.apache.catalina.core.StandardService.initInternal(StandardService.java:520)
		at org.apache.catalina.util.LifecycleBase.init(LifecycleBase.java:122)
		at org.apache.catalina.core.StandardServer.initInternal(StandardServer.java:955)
		at org.apache.catalina.util.LifecycleBase.init(LifecycleBase.java:122)
		at org.apache.catalina.startup.Catalina.load(Catalina.java:709)
		at org.apache.catalina.startup.Catalina.load(Catalina.java:732)
		at java.base/jdk.internal.reflect.DirectMethodHandleAccessor.invoke(DirectMethodHandleAccessor.java:104)
		at java.base/java.lang.reflect.Method.invoke(Method.java:565)
		at org.apache.catalina.startup.Bootstrap.load(Bootstrap.java:299)
		at org.apache.catalina.startup.Bootstrap.main(Bootstrap.java:472)
	Caused by: java.net.BindException: Address already in use: bind
		at java.base/sun.nio.ch.Net.bind0(Native Method)
		at java.base/sun.nio.ch.Net.bind(Net.java:525)
		at java.base/sun.nio.ch.ServerSocketChannelImpl.netBind(ServerSocketChannelImpl.java:333)
		at java.base/sun.nio.ch.ServerSocketChannelImpl.bind(ServerSocketChannelImpl.java:296)
		at org.apache.tomcat.util.net.NioEndpoint.initServerSocket(NioEndpoint.java:264)
		at org.apache.tomcat.util.net.NioEndpoint.bind(NioEndpoint.java:219)
		at org.apache.tomcat.util.net.AbstractEndpoint.bindWithCleanup(AbstractEndpoint.java:1432)
		at org.apache.tomcat.util.net.AbstractEndpoint.init(AbstractEndpoint.java:1445)
		at org.apache.coyote.AbstractProtocol.init(AbstractProtocol.java:633)
		at org.apache.coyote.http11.AbstractHttp11Protocol.init(AbstractHttp11Protocol.java:82)
		at org.apache.catalina.connector.Connector.initInternal(Connector.java:1082)
		... 11 more
22-Apr-2026 20:02:18.885 INFO [main] org.apache.catalina.startup.Catalina.load Server initialization in [5659] milliseconds
22-Apr-2026 20:02:19.386 INFO [main] org.apache.catalina.core.StandardService.startInternal Starting service [Catalina]
22-Apr-2026 20:02:19.391 INFO [main] org.apache.catalina.core.StandardEngine.startInternal Starting Servlet engine: [Apache Tomcat/10.1.54]
22-Apr-2026 20:02:19.502 INFO [main] org.apache.catalina.startup.HostConfig.deployDirectory Deploying web application directory [E:\project\tomcat\apache-tomcat-10.1.54\webapps\docs]
22-Apr-2026 20:02:22.957 WARNING [main] org.apache.catalina.util.SessionIdGeneratorBase.createSecureRandom Creation of SecureRandom instance for session ID generation using [SHA1PRNG] took [135] milliseconds.
22-Apr-2026 20:02:23.217 INFO [main] org.apache.catalina.startup.HostConfig.deployDirectory Deployment of web application directory [E:\project\tomcat\apache-tomcat-10.1.54\webapps\docs] has finished in [3,710] ms
22-Apr-2026 20:02:23.223 INFO [main] org.apache.catalina.startup.HostConfig.deployDirectory Deploying web application directory [E:\project\tomcat\apache-tomcat-10.1.54\webapps\examples]
22-Apr-2026 20:02:27.525 INFO [main] org.apache.catalina.startup.HostConfig.deployDirectory Deployment of web application directory [E:\project\tomcat\apache-tomcat-10.1.54\webapps\examples] has finished in [4,299] ms
22-Apr-2026 20:02:27.537 INFO [main] org.apache.catalina.startup.HostConfig.deployDirectory Deploying web application directory [E:\project\tomcat\apache-tomcat-10.1.54\webapps\host-manager]
22-Apr-2026 20:02:27.977 INFO [main] org.apache.catalina.startup.HostConfig.deployDirectory Deployment of web application directory [E:\project\tomcat\apache-tomcat-10.1.54\webapps\host-manager] has finished in [438] ms
22-Apr-2026 20:02:28.036 INFO [main] org.apache.catalina.startup.HostConfig.deployDirectory Deploying web application directory [E:\project\tomcat\apache-tomcat-10.1.54\webapps\manager]
22-Apr-2026 20:02:28.339 INFO [main] org.apache.catalina.startup.HostConfig.deployDirectory Deployment of web application directory [E:\project\tomcat\apache-tomcat-10.1.54\webapps\manager] has finished in [303] ms
22-Apr-2026 20:02:28.340 INFO [main] org.apache.catalina.startup.HostConfig.deployDirectory Deploying web application directory [E:\project\tomcat\apache-tomcat-10.1.54\webapps\ROOT]
22-Apr-2026 20:02:28.574 INFO [main] org.apache.catalina.startup.HostConfig.deployDirectory Deployment of web application directory [E:\project\tomcat\apache-tomcat-10.1.54\webapps\ROOT] has finished in [234] ms
22-Apr-2026 20:02:28.589 INFO [main] org.apache.catalina.startup.HostConfig.deployDirectory Deploying web application directory [E:\project\tomcat\apache-tomcat-10.1.54\webapps\studentapp]
22-Apr-2026 20:02:31.658 INFO [main] org.apache.jasper.servlet.TldScanner.scanJars At least one JAR was scanned for TLDs yet contained no TLDs. Enable debug logging for this logger for a complete list of JARs that were scanned but no TLDs were found in them. Skipping unneeded JARs during scanning can improve startup time and JSP compilation time.
22-Apr-2026 20:02:31.850 INFO [main] org.apache.catalina.startup.HostConfig.deployDirectory Deployment of web application directory [E:\project\tomcat\apache-tomcat-10.1.54\webapps\studentapp] has finished in [3,258] ms
22-Apr-2026 20:02:31.951 INFO [main] org.apache.catalina.startup.Catalina.start Server startup in [13054] milliseconds
22-Apr-2026 20:02:32.140 SEVERE [main] org.apache.catalina.core.StandardServer.await Failed to create server shutdown socket on address [localhost] and port [8005] (base port [8005] and offset [0])
	java.net.BindException: Address already in use: bind
		at java.base/sun.nio.ch.Net.bind0(Native Method)
		at java.base/sun.nio.ch.Net.bind(Net.java:525)
		at java.base/sun.nio.ch.Net.bind(Net.java:514)
		at java.base/sun.nio.ch.NioSocketImpl.bind(NioSocketImpl.java:645)
		at java.base/java.net.ServerSocket.bind(ServerSocket.java:326)
		at java.base/java.net.ServerSocket.<init>(ServerSocket.java:222)
		at org.apache.catalina.core.StandardServer.await(StandardServer.java:531)
		at org.apache.catalina.startup.Catalina.await(Catalina.java:848)
		at org.apache.catalina.startup.Catalina.start(Catalina.java:796)
		at java.base/jdk.internal.reflect.DirectMethodHandleAccessor.invoke(DirectMethodHandleAccessor.java:104)
		at java.base/java.lang.reflect.Method.invoke(Method.java:565)
		at org.apache.catalina.startup.Bootstrap.start(Bootstrap.java:342)
		at org.apache.catalina.startup.Bootstrap.main(Bootstrap.java:473)
22-Apr-2026 20:02:32.167 INFO [main] org.apache.coyote.AbstractProtocol.pause Pausing ProtocolHandler ["http-nio-8081"]
22-Apr-2026 20:02:32.191 INFO [main] org.apache.catalina.core.StandardService.stopInternal Stopping service [Catalina]
22-Apr-2026 20:02:32.520 INFO [main] org.apache.coyote.AbstractProtocol.stop Stopping ProtocolHandler ["http-nio-8081"]
22-Apr-2026 20:02:32.538 INFO [main] org.apache.coyote.AbstractProtocol.destroy Destroying ProtocolHandler ["http-nio-8081"]
22-Apr-2026 20:03:52.161 INFO [main] org.apache.catalina.core.StandardServer.await A valid shutdown command was received via the shutdown port. Stopping the Server instance.
22-Apr-2026 20:03:52.170 INFO [main] org.apache.coyote.AbstractProtocol.pause Pausing ProtocolHandler ["http-nio-8081"]
22-Apr-2026 20:03:52.179 INFO [main] org.apache.catalina.core.StandardService.stopInternal Stopping service [Catalina]
22-Apr-2026 20:03:52.255 WARNING [main] org.apache.catalina.loader.WebappClassLoaderBase.clearReferencesJdbc The web application [studentapp] registered the JDBC driver [com.mysql.cj.jdbc.Driver] but failed to unregister it when the web application was stopped. To prevent a memory leak, the JDBC Driver has been forcibly unregistered.
22-Apr-2026 20:03:52.257 WARNING [main] org.apache.catalina.loader.WebappClassLoaderBase.clearReferencesThreads The web application [studentapp] appears to have started a thread named [mysql-cj-abandoned-connection-cleanup] but has failed to stop it. This is very likely to create a memory leak. Stack trace of thread:
 java.base/java.lang.Object.wait0(Native Method)
 java.base/java.lang.Object.wait(Object.java:391)
 java.base/java.lang.ref.ReferenceQueue.remove0(ReferenceQueue.java:123)
 java.base/java.lang.ref.ReferenceQueue.remove(ReferenceQueue.java:201)
 com.mysql.cj.jdbc.AbandonedConnectionCleanupThread.run(AbandonedConnectionCleanupThread.java:84)
 java.base/java.util.concurrent.ThreadPoolExecutor.runWorker(ThreadPoolExecutor.java:1090)
 java.base/java.util.concurrent.ThreadPoolExecutor$Worker.run(ThreadPoolExecutor.java:614)
 java.base/java.lang.Thread.run(Thread.java:1516)
22-Apr-2026 20:03:52.300 INFO [main] org.apache.coyote.AbstractProtocol.stop Stopping ProtocolHandler ["http-nio-8081"]
22-Apr-2026 20:03:52.318 INFO [main] org.apache.coyote.AbstractProtocol.destroy Destroying ProtocolHandler ["http-nio-8081"]
22-Apr-2026 20:03:52.383 INFO [mysql-cj-abandoned-connection-cleanup] org.apache.catalina.loader.WebappClassLoaderBase.checkStateForResourceLoading Illegal access: this web application instance has been stopped already. Could not load []. The following stack trace is thrown for debugging purposes as well as to attempt to terminate the thread which caused the illegal access.
	java.lang.IllegalStateException: Illegal access: this web application instance has been stopped already. Could not load []. The following stack trace is thrown for debugging purposes as well as to attempt to terminate the thread which caused the illegal access.
		at org.apache.catalina.loader.WebappClassLoaderBase.checkStateForResourceLoading(WebappClassLoaderBase.java:1396)
		at org.apache.catalina.loader.WebappClassLoaderBase.getResource(WebappClassLoaderBase.java:984)
		at com.mysql.cj.jdbc.AbandonedConnectionCleanupThread.checkThreadContextClassLoader(AbandonedConnectionCleanupThread.java:116)
		at com.mysql.cj.jdbc.AbandonedConnectionCleanupThread.run(AbandonedConnectionCleanupThread.java:83)
		at java.base/java.util.concurrent.ThreadPoolExecutor.runWorker(ThreadPoolExecutor.java:1090)
		at java.base/java.util.concurrent.ThreadPoolExecutor$Worker.run(ThreadPoolExecutor.java:614)
		at java.base/java.lang.Thread.run(Thread.java:1516)
22-Apr-2026 20:03:52.385 INFO [mysql-cj-abandoned-connection-cleanup] org.apache.catalina.loader.WebappClassLoaderBase.checkStateForResourceLoading Illegal access: this web application instance has been stopped already. Could not load []. The following stack trace is thrown for debugging purposes as well as to attempt to terminate the thread which caused the illegal access.
	java.lang.IllegalStateException: Illegal access: this web application instance has been stopped already. Could not load []. The following stack trace is thrown for debugging purposes as well as to attempt to terminate the thread which caused the illegal access.
		at org.apache.catalina.loader.WebappClassLoaderBase.checkStateForResourceLoading(WebappClassLoaderBase.java:1396)
		at org.apache.catalina.loader.WebappClassLoaderBase.getResource(WebappClassLoaderBase.java:984)
		at com.mysql.cj.jdbc.AbandonedConnectionCleanupThread.checkThreadContextClassLoader(AbandonedConnectionCleanupThread.java:116)
		at com.mysql.cj.jdbc.AbandonedConnectionCleanupThread.run(AbandonedConnectionCleanupThread.java:83)
		at java.base/java.util.concurrent.ThreadPoolExecutor.runWorker(ThreadPoolExecutor.java:1090)
		at java.base/java.util.concurrent.ThreadPoolExecutor$Worker.run(ThreadPoolExecutor.java:614)
		at java.base/java.lang.Thread.run(Thread.java:1516)
22-Apr-2026 20:03:57.364 INFO [main] org.apache.catalina.startup.VersionLoggerListener.log Server version name:   Apache Tomcat/10.1.54
22-Apr-2026 20:03:57.370 INFO [main] org.apache.catalina.startup.VersionLoggerListener.log Server built:          Mar 30 2026 22:31:53 UTC
22-Apr-2026 20:03:57.371 INFO [main] org.apache.catalina.startup.VersionLoggerListener.log Server version number: 10.1.54.0
22-Apr-2026 20:03:57.371 INFO [main] org.apache.catalina.startup.VersionLoggerListener.log OS Name:               Windows 11
22-Apr-2026 20:03:57.371 INFO [main] org.apache.catalina.startup.VersionLoggerListener.log OS Version:            10.0
22-Apr-2026 20:03:57.371 INFO [main] org.apache.catalina.startup.VersionLoggerListener.log Architecture:          amd64
22-Apr-2026 20:03:57.371 INFO [main] org.apache.catalina.startup.VersionLoggerListener.log Java Home:             C:\Program Files\Java\jdk-26.0.1
22-Apr-2026 20:03:57.371 INFO [main] org.apache.catalina.startup.VersionLoggerListener.log JVM Version:           26.0.1+8-34
22-Apr-2026 20:03:57.371 INFO [main] org.apache.catalina.startup.VersionLoggerListener.log JVM Vendor:            Oracle Corporation
22-Apr-2026 20:03:57.371 INFO [main] org.apache.catalina.startup.VersionLoggerListener.log CATALINA_BASE:         E:\project\tomcat\apache-tomcat-10.1.54
22-Apr-2026 20:03:57.371 INFO [main] org.apache.catalina.startup.VersionLoggerListener.log CATALINA_HOME:         E:\project\tomcat\apache-tomcat-10.1.54
22-Apr-2026 20:03:57.385 INFO [main] org.apache.catalina.startup.VersionLoggerListener.log Command line argument: -Djava.util.logging.config.file=E:\project\tomcat\apache-tomcat-10.1.54\conf\logging.properties
22-Apr-2026 20:03:57.386 INFO [main] org.apache.catalina.startup.VersionLoggerListener.log Command line argument: -Djava.util.logging.manager=org.apache.juli.ClassLoaderLogManager
22-Apr-2026 20:03:57.386 INFO [main] org.apache.catalina.startup.VersionLoggerListener.log Command line argument: -Djdk.tls.ephemeralDHKeySize=2048
22-Apr-2026 20:03:57.388 INFO [main] org.apache.catalina.startup.VersionLoggerListener.log Command line argument: -Djava.protocol.handler.pkgs=org.apache.catalina.webresources
22-Apr-2026 20:03:57.388 INFO [main] org.apache.catalina.startup.VersionLoggerListener.log Command line argument: -Dsun.io.useCanonCaches=false
22-Apr-2026 20:03:57.388 INFO [main] org.apache.catalina.startup.VersionLoggerListener.log Command line argument: --add-opens=java.base/java.lang=ALL-UNNAMED
22-Apr-2026 20:03:57.388 INFO [main] org.apache.catalina.startup.VersionLoggerListener.log Command line argument: --add-opens=java.base/java.lang.reflect=ALL-UNNAMED
22-Apr-2026 20:03:57.388 INFO [main] org.apache.catalina.startup.VersionLoggerListener.log Command line argument: --add-opens=java.base/java.io=ALL-UNNAMED
22-Apr-2026 20:03:57.389 INFO [main] org.apache.catalina.startup.VersionLoggerListener.log Command line argument: --add-opens=java.base/java.util=ALL-UNNAMED
22-Apr-2026 20:03:57.389 INFO [main] org.apache.catalina.startup.VersionLoggerListener.log Command line argument: --add-opens=java.base/java.util.concurrent=ALL-UNNAMED
22-Apr-2026 20:03:57.389 INFO [main] org.apache.catalina.startup.VersionLoggerListener.log Command line argument: --add-opens=java.rmi/sun.rmi.transport=ALL-UNNAMED
22-Apr-2026 20:03:57.389 INFO [main] org.apache.catalina.startup.VersionLoggerListener.log Command line argument: -Dcatalina.base=E:\project\tomcat\apache-tomcat-10.1.54
22-Apr-2026 20:03:57.389 INFO [main] org.apache.catalina.startup.VersionLoggerListener.log Command line argument: -Dcatalina.home=E:\project\tomcat\apache-tomcat-10.1.54
22-Apr-2026 20:03:57.389 INFO [main] org.apache.catalina.startup.VersionLoggerListener.log Command line argument: -Djava.io.tmpdir=E:\project\tomcat\apache-tomcat-10.1.54\temp
22-Apr-2026 20:03:57.393 INFO [main] org.apache.catalina.core.AprLifecycleListener.lifecycleEvent Loaded Apache Tomcat Native library [2.0.14] using APR version [1.7.6].
22-Apr-2026 20:03:57.402 INFO [main] org.apache.catalina.core.AprLifecycleListener.initializeSSL OpenSSL successfully initialized [OpenSSL 3.5.5 27 Jan 2026]
22-Apr-2026 20:03:57.710 INFO [main] org.apache.coyote.AbstractProtocol.init Initializing ProtocolHandler ["http-nio-8081"]
22-Apr-2026 20:03:57.746 INFO [main] org.apache.catalina.startup.Catalina.load Server initialization in [551] milliseconds
22-Apr-2026 20:03:57.807 INFO [main] org.apache.catalina.core.StandardService.startInternal Starting service [Catalina]
22-Apr-2026 20:03:57.807 INFO [main] org.apache.catalina.core.StandardEngine.startInternal Starting Servlet engine: [Apache Tomcat/10.1.54]
22-Apr-2026 20:03:57.826 INFO [main] org.apache.catalina.startup.HostConfig.deployDirectory Deploying web application directory [E:\project\tomcat\apache-tomcat-10.1.54\webapps\docs]
22-Apr-2026 20:03:58.172 INFO [main] org.apache.catalina.startup.HostConfig.deployDirectory Deployment of web application directory [E:\project\tomcat\apache-tomcat-10.1.54\webapps\docs] has finished in [342] ms
22-Apr-2026 20:03:58.172 INFO [main] org.apache.catalina.startup.HostConfig.deployDirectory Deploying web application directory [E:\project\tomcat\apache-tomcat-10.1.54\webapps\examples]
22-Apr-2026 20:03:58.614 INFO [main] org.apache.catalina.startup.HostConfig.deployDirectory Deployment of web application directory [E:\project\tomcat\apache-tomcat-10.1.54\webapps\examples] has finished in [442] ms
22-Apr-2026 20:03:58.614 INFO [main] org.apache.catalina.startup.HostConfig.deployDirectory Deploying web application directory [E:\project\tomcat\apache-tomcat-10.1.54\webapps\host-manager]
22-Apr-2026 20:03:58.655 INFO [main] org.apache.catalina.startup.HostConfig.deployDirectory Deployment of web application directory [E:\project\tomcat\apache-tomcat-10.1.54\webapps\host-manager] has finished in [40] ms
22-Apr-2026 20:03:58.655 INFO [main] org.apache.catalina.startup.HostConfig.deployDirectory Deploying web application directory [E:\project\tomcat\apache-tomcat-10.1.54\webapps\manager]
22-Apr-2026 20:03:58.707 INFO [main] org.apache.catalina.startup.HostConfig.deployDirectory Deployment of web application directory [E:\project\tomcat\apache-tomcat-10.1.54\webapps\manager] has finished in [51] ms
22-Apr-2026 20:03:58.709 INFO [main] org.apache.catalina.startup.HostConfig.deployDirectory Deploying web application directory [E:\project\tomcat\apache-tomcat-10.1.54\webapps\ROOT]
22-Apr-2026 20:03:58.748 INFO [main] org.apache.catalina.startup.HostConfig.deployDirectory Deployment of web application directory [E:\project\tomcat\apache-tomcat-10.1.54\webapps\ROOT] has finished in [39] ms
22-Apr-2026 20:03:58.749 INFO [main] org.apache.catalina.startup.HostConfig.deployDirectory Deploying web application directory [E:\project\tomcat\apache-tomcat-10.1.54\webapps\studentapp]
22-Apr-2026 20:03:58.967 INFO [main] org.apache.jasper.servlet.TldScanner.scanJars At least one JAR was scanned for TLDs yet contained no TLDs. Enable debug logging for this logger for a complete list of JARs that were scanned but no TLDs were found in them. Skipping unneeded JARs during scanning can improve startup time and JSP compilation time.
22-Apr-2026 20:03:58.980 INFO [main] org.apache.catalina.startup.HostConfig.deployDirectory Deployment of web application directory [E:\project\tomcat\apache-tomcat-10.1.54\webapps\studentapp] has finished in [231] ms
22-Apr-2026 20:03:58.991 INFO [main] org.apache.coyote.AbstractProtocol.start Starting ProtocolHandler ["http-nio-8081"]
22-Apr-2026 20:03:59.022 INFO [main] org.apache.catalina.startup.Catalina.start Server startup in [1272] milliseconds
22-Apr-2026 20:17:20.516 INFO [Catalina-utility-1] org.apache.catalina.startup.HostConfig.undeploy Undeploying context []
22-Apr-2026 20:17:21.134 INFO [Catalina-utility-1] org.apache.catalina.startup.HostConfig.undeploy Undeploying context [/examples]
22-Apr-2026 20:17:21.655 INFO [Catalina-utility-1] org.apache.catalina.startup.HostConfig.undeploy Undeploying context [/host-manager]
22-Apr-2026 20:17:22.176 INFO [Catalina-utility-1] org.apache.catalina.startup.HostConfig.undeploy Undeploying context [/manager]
22-Apr-2026 20:17:22.693 INFO [Catalina-utility-1] org.apache.catalina.startup.HostConfig.undeploy Undeploying context [/docs]
22-Apr-2026 20:18:35.512 INFO [main] org.apache.catalina.startup.VersionLoggerListener.log Server version name:   Apache Tomcat/10.1.54
22-Apr-2026 20:18:35.514 INFO [main] org.apache.catalina.startup.VersionLoggerListener.log Server built:          Mar 30 2026 22:31:53 UTC
22-Apr-2026 20:18:35.514 INFO [main] org.apache.catalina.startup.VersionLoggerListener.log Server version number: 10.1.54.0
22-Apr-2026 20:18:35.515 INFO [main] org.apache.catalina.startup.VersionLoggerListener.log OS Name:               Windows 11
22-Apr-2026 20:18:35.515 INFO [main] org.apache.catalina.startup.VersionLoggerListener.log OS Version:            10.0
22-Apr-2026 20:18:35.515 INFO [main] org.apache.catalina.startup.VersionLoggerListener.log Architecture:          amd64
22-Apr-2026 20:18:35.515 INFO [main] org.apache.catalina.startup.VersionLoggerListener.log Java Home:             C:\Program Files\Java\jdk-26.0.1
22-Apr-2026 20:18:35.515 INFO [main] org.apache.catalina.startup.VersionLoggerListener.log JVM Version:           26.0.1+8-34
22-Apr-2026 20:18:35.515 INFO [main] org.apache.catalina.startup.VersionLoggerListener.log JVM Vendor:            Oracle Corporation
22-Apr-2026 20:18:35.516 INFO [main] org.apache.catalina.startup.VersionLoggerListener.log CATALINA_BASE:         E:\project\tomcat\apache-tomcat-10.1.54
22-Apr-2026 20:18:35.516 INFO [main] org.apache.catalina.startup.VersionLoggerListener.log CATALINA_HOME:         E:\project\tomcat\apache-tomcat-10.1.54
22-Apr-2026 20:18:35.528 INFO [main] org.apache.catalina.startup.VersionLoggerListener.log Command line argument: -Djava.util.logging.config.file=E:\project\tomcat\apache-tomcat-10.1.54\conf\logging.properties
22-Apr-2026 20:18:35.529 INFO [main] org.apache.catalina.startup.VersionLoggerListener.log Command line argument: -Djava.util.logging.manager=org.apache.juli.ClassLoaderLogManager
22-Apr-2026 20:18:35.529 INFO [main] org.apache.catalina.startup.VersionLoggerListener.log Command line argument: -Djdk.tls.ephemeralDHKeySize=2048
22-Apr-2026 20:18:35.529 INFO [main] org.apache.catalina.startup.VersionLoggerListener.log Command line argument: -Djava.protocol.handler.pkgs=org.apache.catalina.webresources
22-Apr-2026 20:18:35.529 INFO [main] org.apache.catalina.startup.VersionLoggerListener.log Command line argument: -Dsun.io.useCanonCaches=false
22-Apr-2026 20:18:35.529 INFO [main] org.apache.catalina.startup.VersionLoggerListener.log Command line argument: --add-opens=java.base/java.lang=ALL-UNNAMED
22-Apr-2026 20:18:35.529 INFO [main] org.apache.catalina.startup.VersionLoggerListener.log Command line argument: --add-opens=java.base/java.lang.reflect=ALL-UNNAMED
22-Apr-2026 20:18:35.530 INFO [main] org.apache.catalina.startup.VersionLoggerListener.log Command line argument: --add-opens=java.base/java.io=ALL-UNNAMED
22-Apr-2026 20:18:35.530 INFO [main] org.apache.catalina.startup.VersionLoggerListener.log Command line argument: --add-opens=java.base/java.util=ALL-UNNAMED
22-Apr-2026 20:18:35.530 INFO [main] org.apache.catalina.startup.VersionLoggerListener.log Command line argument: --add-opens=java.base/java.util.concurrent=ALL-UNNAMED
22-Apr-2026 20:18:35.530 INFO [main] org.apache.catalina.startup.VersionLoggerListener.log Command line argument: --add-opens=java.rmi/sun.rmi.transport=ALL-UNNAMED
22-Apr-2026 20:18:35.530 INFO [main] org.apache.catalina.startup.VersionLoggerListener.log Command line argument: -Dcatalina.base=E:\project\tomcat\apache-tomcat-10.1.54
22-Apr-2026 20:18:35.530 INFO [main] org.apache.catalina.startup.VersionLoggerListener.log Command line argument: -Dcatalina.home=E:\project\tomcat\apache-tomcat-10.1.54
22-Apr-2026 20:18:35.530 INFO [main] org.apache.catalina.startup.VersionLoggerListener.log Command line argument: -Djava.io.tmpdir=E:\project\tomcat\apache-tomcat-10.1.54\temp
22-Apr-2026 20:18:35.534 INFO [main] org.apache.catalina.core.AprLifecycleListener.lifecycleEvent Loaded Apache Tomcat Native library [2.0.14] using APR version [1.7.6].
22-Apr-2026 20:18:35.545 INFO [main] org.apache.catalina.core.AprLifecycleListener.initializeSSL OpenSSL successfully initialized [OpenSSL 3.5.5 27 Jan 2026]
22-Apr-2026 20:18:35.796 INFO [main] org.apache.coyote.AbstractProtocol.init Initializing ProtocolHandler ["http-nio-8081"]
22-Apr-2026 20:18:35.824 INFO [main] org.apache.catalina.startup.Catalina.load Server initialization in [476] milliseconds
22-Apr-2026 20:18:35.879 INFO [main] org.apache.catalina.core.StandardService.startInternal Starting service [Catalina]
22-Apr-2026 20:18:35.879 INFO [main] org.apache.catalina.core.StandardEngine.startInternal Starting Servlet engine: [Apache Tomcat/10.1.54]
22-Apr-2026 20:18:35.892 INFO [main] org.apache.catalina.startup.HostConfig.deployDirectory Deploying web application directory [E:\project\tomcat\apache-tomcat-10.1.54\webapps\studentapp]
22-Apr-2026 20:18:36.480 INFO [main] org.apache.jasper.servlet.TldScanner.scanJars At least one JAR was scanned for TLDs yet contained no TLDs. Enable debug logging for this logger for a complete list of JARs that were scanned but no TLDs were found in them. Skipping unneeded JARs during scanning can improve startup time and JSP compilation time.
22-Apr-2026 20:18:36.531 INFO [main] org.apache.catalina.startup.HostConfig.deployDirectory Deployment of web application directory [E:\project\tomcat\apache-tomcat-10.1.54\webapps\studentapp] has finished in [637] ms
22-Apr-2026 20:18:36.540 INFO [main] org.apache.coyote.AbstractProtocol.start Starting ProtocolHandler ["http-nio-8081"]
22-Apr-2026 20:18:36.572 INFO [main] org.apache.catalina.startup.Catalina.start Server startup in [744] milliseconds
